<?xml version="1.0" encoding="UTF-8"?>
<testng-results total="1" passed="1" failed="0" skipped="0">
  <reporter-output>
  </reporter-output>
  <suite started-at="2022-06-22T10:45:22Z" name="Default suite" finished-at="2022-06-22T10:45:35Z" duration-ms="12526">
    <groups>
    </groups>
    <test started-at="2022-06-22T10:45:22Z" name="Default test" finished-at="2022-06-22T10:45:35Z" duration-ms="12526">
      <class name="VerifyingLogintestcase.VerifiyingOrangeHRMLogin">
        <test-method signature="verifyingvalidlogin()[pri:0, instance:VerifyingLogintestcase.VerifiyingOrangeHRMLogin@341814d3]" started-at="2022-06-22T16:15:22Z" name="verifyingvalidlogin" finished-at="2022-06-22T16:15:35Z" duration-ms="12493" status="PASS">
          <reporter-output>
          </reporter-output>
        </test-method> <!-- verifyingvalidlogin -->
      </class> <!-- VerifyingLogintestcase.VerifiyingOrangeHRMLogin -->
    </test> <!-- Default test -->
  </suite> <!-- Default suite -->
</testng-results>
